<?xml version="1.0" encoding="UTF-8"?>
<robot generator="Robot 7.0 (Python 3.13.1 on darwin)" generated="2025-02-01T21:32:31.501084" rpa="false" schemaversion="5">
<suite id="s1" name="Robot-Web-Autotest" source="/Users/mac/robot-web-autotest">
<suite id="s1-s1" name="First Test New" source="/Users/mac/robot-web-autotest/first_test_new.robot">
<test id="s1-s1-t1" name="New First Case" line="6">
<kw name="Open Browser" owner="SeleniumLibrary">
<msg time="2025-02-01T21:32:31.598502" level="INFO">Opening browser 'gc' to base url 'https://wildberries.ru/'.</msg>
<arg>url=https://wildberries.ru/</arg>
<arg>browser=gc</arg>
<doc>Opens a new browser instance to the optional ``url``.</doc>
<status status="PASS" start="2025-02-01T21:32:31.598233" elapsed="9.074759"/>
</kw>
<kw name="Sleep" owner="BuiltIn">
<msg time="2025-02-01T21:32:45.674753" level="INFO">Slept 5 seconds.</msg>
<arg>time_=5s</arg>
<doc>Pauses the test executed for the given time.</doc>
<status status="PASS" start="2025-02-01T21:32:40.673477" elapsed="5.001769"/>
</kw>
<kw name="Close Browser" owner="SeleniumLibrary">
<doc>Closes the current browser.</doc>
<status status="PASS" start="2025-02-01T21:32:45.675759" elapsed="0.083412"/>
</kw>
<status status="PASS" start="2025-02-01T21:32:31.597584" elapsed="14.161841"/>
</test>
<test id="s1-s1-t2" name="New Case" line="10">
<kw name="Open Browser" owner="SeleniumLibrary">
<msg time="2025-02-01T21:32:45.760354" level="INFO">Opening browser 'safari' to base url 'https://wikipedia.org/'.</msg>
<arg>url=https://wikipedia.org/</arg>
<arg>browser=safari</arg>
<doc>Opens a new browser instance to the optional ``url``.</doc>
<status status="PASS" start="2025-02-01T21:32:45.760163" elapsed="2.327598"/>
</kw>
<kw name="Sleep" owner="BuiltIn">
<msg time="2025-02-01T21:32:58.090541" level="INFO">Slept 10 seconds.</msg>
<arg>time_=10s</arg>
<doc>Pauses the test executed for the given time.</doc>
<status status="PASS" start="2025-02-01T21:32:48.088530" elapsed="10.003240"/>
</kw>
<kw name="Close Browser" owner="SeleniumLibrary">
<doc>Closes the current browser.</doc>
<status status="PASS" start="2025-02-01T21:32:58.093084" elapsed="0.218554"/>
</kw>
<status status="PASS" start="2025-02-01T21:32:45.759799" elapsed="12.552558"/>
</test>
<status status="PASS" start="2025-02-01T21:32:31.512138" elapsed="26.803126"/>
</suite>
<status status="PASS" start="2025-02-01T21:32:31.502945" elapsed="26.813970"/>
</suite>
<statistics>
<total>
<stat pass="2" fail="0" skip="0">All Tests</stat>
</total>
<tag>
</tag>
<suite>
<stat pass="2" fail="0" skip="0" id="s1" name="Robot-Web-Autotest">Robot-Web-Autotest</stat>
<stat pass="2" fail="0" skip="0" id="s1-s1" name="First Test New">Robot-Web-Autotest.First Test New</stat>
</suite>
</statistics>
<errors>
</errors>
</robot>
